Release 14.7 - ngc2edif P.20131013 (nt64)
Copyright (c) 1995-2013 Xilinx, Inc.  All rights reserved.
Reading design top_sdram.ngc ...
WARNING:NetListWriters:298 - No output is written to top_sdram.xncf, ignored.
Processing design ...
   Preping design's networks ...
   Preping design's macros ...
WARNING:NetListWriters:306 - Signal bus contr/command<5 : 0> on block top_sdram
   is not reconstructed, because there are some missing bus signals.
WARNING:NetListWriters:306 - Signal bus contr/command_nxt<5 : 0> on block
   top_sdram is not reconstructed, because there are some missing bus signals.
  finished :Prep
Writing EDIF netlist file top_sdram.edif ...
ngc2edif: Total memory usage is 80252 kilobytes

Release 14.7 - ngc2edif P.20131013 (nt64)
Copyright (c) 1995-2013 Xilinx, Inc.  All rights reserved.
Reading design top_sdram.ngc ...
WARNING:NetListWriters:298 - No output is written to top_sdram.xncf, ignored.
Processing design ...
   Preping design's networks ...
   Preping design's macros ...
WARNING:NetListWriters:306 - Signal bus contr/command<5 : 0> on block top_sdram
   is not reconstructed, because there are some missing bus signals.
WARNING:NetListWriters:306 - Signal bus contr/command_nxt<5 : 0> on block
   top_sdram is not reconstructed, because there are some missing bus signals.
  finished :Prep
Writing EDIF netlist file top_sdram.edif ...
ngc2edif: Total memory usage is 79932 kilobytes

Release 14.7 - ngc2edif P.20131013 (nt64)
Copyright (c) 1995-2013 Xilinx, Inc.  All rights reserved.
Reading design top_sdram.ngc ...
WARNING:NetListWriters:298 - No output is written to top_sdram.xncf, ignored.
Processing design ...
   Preping design's networks ...
   Preping design's macros ...
WARNING:NetListWriters:306 - Signal bus contr/command<5 : 0> on block top_sdram
   is not reconstructed, because there are some missing bus signals.
WARNING:NetListWriters:306 - Signal bus contr/command_nxt<5 : 0> on block
   top_sdram is not reconstructed, because there are some missing bus signals.
  finished :Prep
Writing EDIF netlist file top_sdram.edif ...
ngc2edif: Total memory usage is 80188 kilobytes

Release 14.7 - ngc2edif P.20131013 (nt64)
Copyright (c) 1995-2013 Xilinx, Inc.  All rights reserved.
Reading design top_sdram.ngc ...
WARNING:NetListWriters:298 - No output is written to top_sdram.xncf, ignored.
Processing design ...
   Preping design's networks ...
   Preping design's macros ...
WARNING:NetListWriters:306 - Signal bus contr/command<5 : 0> on block top_sdram
   is not reconstructed, because there are some missing bus signals.
WARNING:NetListWriters:306 - Signal bus contr/command_nxt<5 : 0> on block
   top_sdram is not reconstructed, because there are some missing bus signals.
  finished :Prep
Writing EDIF netlist file top_sdram.edif ...
ngc2edif: Total memory usage is 79932 kilobytes

Release 14.7 - ngc2edif P.20131013 (nt64)
Copyright (c) 1995-2013 Xilinx, Inc.  All rights reserved.
Reading design top_sdram.ngc ...
WARNING:NetListWriters:298 - No output is written to top_sdram.xncf, ignored.
Processing design ...
   Preping design's networks ...
   Preping design's macros ...
WARNING:NetListWriters:306 - Signal bus contr/command<5 : 0> on block top_sdram
   is not reconstructed, because there are some missing bus signals.
WARNING:NetListWriters:306 - Signal bus contr/command_nxt<5 : 0> on block
   top_sdram is not reconstructed, because there are some missing bus signals.
  finished :Prep
Writing EDIF netlist file top_sdram.edif ...
ngc2edif: Total memory usage is 80380 kilobytes

Release 14.7 - ngc2edif P.20131013 (nt64)
Copyright (c) 1995-2013 Xilinx, Inc.  All rights reserved.
Reading design top_sdram.ngc ...
WARNING:NetListWriters:298 - No output is written to top_sdram.xncf, ignored.
Processing design ...
   Preping design's networks ...
   Preping design's macros ...
WARNING:NetListWriters:306 - Signal bus contr/command<5 : 0> on block top_sdram
   is not reconstructed, because there are some missing bus signals.
WARNING:NetListWriters:306 - Signal bus contr/command_nxt<5 : 0> on block
   top_sdram is not reconstructed, because there are some missing bus signals.
  finished :Prep
Writing EDIF netlist file top_sdram.edif ...
ngc2edif: Total memory usage is 79100 kilobytes

Release 14.7 - ngc2edif P.20131013 (nt64)
Copyright (c) 1995-2013 Xilinx, Inc.  All rights reserved.
Reading design top_sdram.ngc ...
WARNING:NetListWriters:298 - No output is written to top_sdram.xncf, ignored.
Processing design ...
   Preping design's networks ...
   Preping design's macros ...
WARNING:NetListWriters:306 - Signal bus contr/command<5 : 0> on block top_sdram
   is not reconstructed, because there are some missing bus signals.
WARNING:NetListWriters:306 - Signal bus contr/command_nxt<5 : 0> on block
   top_sdram is not reconstructed, because there are some missing bus signals.
  finished :Prep
Writing EDIF netlist file top_sdram.edif ...
ngc2edif: Total memory usage is 79356 kilobytes

